This is pdfTeX, Version 3.141592653-2.6-1.40.25 (TeX Live 2023) (preloaded format=pdflatex 2023.10.2)  7 DEC 2023 01:54
entering extended mode
 restricted \write18 enabled.
 file:line:error style messages enabled.
 %&-line parsing enabled.
**/Users/adamomarali/CodeWorkspace/Pendulum/Report/WritingGuidelines
(/Users/adamomarali/CodeWorkspace/Pendulum/Report/WritingGuidelines.tex
LaTeX2e <2022-11-01> patch level 1
L3 programming layer <2023-02-22> (/usr/local/texlive/2023/texmf-dist/tex/latex/base/article.cls
Document Class: article 2022/07/02 v1.4n Standard LaTeX document class
(/usr/local/texlive/2023/texmf-dist/tex/latex/base/size12.clo
File: size12.clo 2022/07/02 v1.4n Standard LaTeX file (size option)
)
\c@part=\count185
\c@section=\count186
\c@subsection=\count187
\c@subsubsection=\count188
\c@paragraph=\count189
\c@subparagraph=\count190
\c@figure=\count191
\c@table=\count192
\abovecaptionskip=\skip48
\belowcaptionskip=\skip49
\bibindent=\dimen140
) (/usr/local/texlive/2023/texmf-dist/tex/latex/graphics/graphicx.sty
Package: graphicx 2021/09/16 v1.2d Enhanced LaTeX Graphics (DPC,SPQR)
 (/usr/local/texlive/2023/texmf-dist/tex/latex/graphics/keyval.sty
Package: keyval 2022/05/29 v1.15 key=value parser (DPC)
\KV@toks@=\toks16
) (/usr/local/texlive/2023/texmf-dist/tex/latex/graphics/graphics.sty
Package: graphics 2022/03/10 v1.4e Standard LaTeX Graphics (DPC,SPQR)
 (/usr/local/texlive/2023/texmf-dist/tex/latex/graphics/trig.sty
Package: trig 2021/08/11 v1.11 sin cos tan (DPC)
) (/usr/local/texlive/2023/texmf-dist/tex/latex/graphics-cfg/graphics.cfg
File: graphics.cfg 2016/06/04 v1.11 sample graphics configuration
)
Package graphics Info: Driver file: pdftex.def on input line 107.
 (/usr/local/texlive/2023/texmf-dist/tex/latex/graphics-def/pdftex.def
File: pdftex.def 2022/09/22 v1.2b Graphics/color driver for pdftex
))
\Gin@req@height=\dimen141
\Gin@req@width=\dimen142
) (/usr/local/texlive/2023/texmf-dist/tex/latex/float/float.sty
Package: float 2001/11/08 v1.3d Float enhancements (AL)
\c@float@type=\count193
\float@exts=\toks17
\float@box=\box51
\@float@everytoks=\toks18
\@floatcapt=\box52
) (/usr/local/texlive/2023/texmf-dist/tex/latex/hyperref/hyperref.sty
Package: hyperref 2023-02-07 v7.00v Hypertext links for LaTeX
 (/usr/local/texlive/2023/texmf-dist/tex/generic/ltxcmds/ltxcmds.sty
Package: ltxcmds 2020-05-10 v1.25 LaTeX kernel commands for general use (HO)
) (/usr/local/texlive/2023/texmf-dist/tex/generic/iftex/iftex.sty
Package: iftex 2022/02/03 v1.0f TeX engine tests
) (/usr/local/texlive/2023/texmf-dist/tex/generic/pdftexcmds/pdftexcmds.sty
Package: pdftexcmds 2020-06-27 v0.33 Utility functions of pdfTeX for LuaTeX (HO)
 (/usr/local/texlive/2023/texmf-dist/tex/generic/infwarerr/infwarerr.sty
Package: infwarerr 2019/12/03 v1.5 Providing info/warning/error messages (HO)
)
Package pdftexcmds Info: \pdf@primitive is available.
Package pdftexcmds Info: \pdf@ifprimitive is available.
Package pdftexcmds Info: \pdfdraftmode found.
) (/usr/local/texlive/2023/texmf-dist/tex/latex/kvsetkeys/kvsetkeys.sty
Package: kvsetkeys 2022-10-05 v1.19 Key value parser (HO)
) (/usr/local/texlive/2023/texmf-dist/tex/generic/kvdefinekeys/kvdefinekeys.sty
Package: kvdefinekeys 2019-12-19 v1.6 Define keys (HO)
) (/usr/local/texlive/2023/texmf-dist/tex/generic/pdfescape/pdfescape.sty
Package: pdfescape 2019/12/09 v1.15 Implements pdfTeX's escape features (HO)
) (/usr/local/texlive/2023/texmf-dist/tex/latex/hycolor/hycolor.sty
Package: hycolor 2020-01-27 v1.10 Color options for hyperref/bookmark (HO)
) (/usr/local/texlive/2023/texmf-dist/tex/latex/letltxmacro/letltxmacro.sty
Package: letltxmacro 2019/12/03 v1.6 Let assignment for LaTeX macros (HO)
) (/usr/local/texlive/2023/texmf-dist/tex/latex/auxhook/auxhook.sty
Package: auxhook 2019-12-17 v1.6 Hooks for auxiliary files (HO)
) (/usr/local/texlive/2023/texmf-dist/tex/latex/hyperref/nameref.sty
Package: nameref 2022-05-17 v2.50 Cross-referencing by name of section
 (/usr/local/texlive/2023/texmf-dist/tex/latex/refcount/refcount.sty
Package: refcount 2019/12/15 v3.6 Data extraction from label references (HO)
) (/usr/local/texlive/2023/texmf-dist/tex/generic/gettitlestring/gettitlestring.sty
Package: gettitlestring 2019/12/15 v1.6 Cleanup title references (HO)
 (/usr/local/texlive/2023/texmf-dist/tex/latex/kvoptions/kvoptions.sty
Package: kvoptions 2022-06-15 v3.15 Key value format for package options (HO)
))
\c@section@level=\count194
)
\@linkdim=\dimen143
\Hy@linkcounter=\count195
\Hy@pagecounter=\count196
 (/usr/local/texlive/2023/texmf-dist/tex/latex/hyperref/pd1enc.def
File: pd1enc.def 2023-02-07 v7.00v Hyperref: PDFDocEncoding definition (HO)
Now handling font encoding PD1 ...
... no UTF-8 mapping file for font encoding PD1
) (/usr/local/texlive/2023/texmf-dist/tex/generic/intcalc/intcalc.sty
Package: intcalc 2019/12/15 v1.3 Expandable calculations with integers (HO)
) (/usr/local/texlive/2023/texmf-dist/tex/generic/etexcmds/etexcmds.sty
Package: etexcmds 2019/12/15 v1.7 Avoid name clashes with e-TeX commands (HO)
)
\Hy@SavedSpaceFactor=\count197
 (/usr/local/texlive/2023/texmf-dist/tex/latex/hyperref/puenc.def
File: puenc.def 2023-02-07 v7.00v Hyperref: PDF Unicode definition (HO)
Now handling font encoding PU ...
... no UTF-8 mapping file for font encoding PU
)
Package hyperref Info: Hyper figures OFF on input line 4177.
Package hyperref Info: Link nesting OFF on input line 4182.
Package hyperref Info: Hyper index ON on input line 4185.
Package hyperref Info: Plain pages OFF on input line 4192.
Package hyperref Info: Backreferencing OFF on input line 4197.
Package hyperref Info: Implicit mode ON; LaTeX internals redefined.
Package hyperref Info: Bookmarks ON on input line 4425.
\c@Hy@tempcnt=\count198
 (/usr/local/texlive/2023/texmf-dist/tex/latex/url/url.sty
\Urlmuskip=\muskip16
Package: url 2013/09/16  ver 3.4  Verb mode for urls, etc.
)
LaTeX Info: Redefining \url on input line 4763.
\XeTeXLinkMargin=\dimen144
 (/usr/local/texlive/2023/texmf-dist/tex/generic/bitset/bitset.sty
Package: bitset 2019/12/09 v1.3 Handle bit-vector datatype (HO)
 (/usr/local/texlive/2023/texmf-dist/tex/generic/bigintcalc/bigintcalc.sty
Package: bigintcalc 2019/12/15 v1.5 Expandable calculations on big integers (HO)
))
\Fld@menulength=\count199
\Field@Width=\dimen145
\Fld@charsize=\dimen146
Package hyperref Info: Hyper figures OFF on input line 6042.
Package hyperref Info: Link nesting OFF on input line 6047.
Package hyperref Info: Hyper index ON on input line 6050.
Package hyperref Info: backreferencing OFF on input line 6057.
Package hyperref Info: Link coloring OFF on input line 6062.
Package hyperref Info: Link coloring with OCG OFF on input line 6067.
Package hyperref Info: PDF/A mode OFF on input line 6072.
 (/usr/local/texlive/2023/texmf-dist/tex/latex/base/atbegshi-ltx.sty
Package: atbegshi-ltx 2021/01/10 v1.0c Emulation of the original atbegshi
package with kernel methods
)
\Hy@abspage=\count266
\c@Item=\count267
\c@Hfootnote=\count268
)
Package hyperref Info: Driver (autodetected): hpdftex.
 (/usr/local/texlive/2023/texmf-dist/tex/latex/hyperref/hpdftex.def
File: hpdftex.def 2023-02-07 v7.00v Hyperref driver for pdfTeX
 (/usr/local/texlive/2023/texmf-dist/tex/latex/base/atveryend-ltx.sty
Package: atveryend-ltx 2020/08/19 v1.0a Emulation of the original atveryend package
with kernel methods
)
\Fld@listcount=\count269
\c@bookmark@seq@number=\count270
 (/usr/local/texlive/2023/texmf-dist/tex/latex/rerunfilecheck/rerunfilecheck.sty
Package: rerunfilecheck 2022-07-10 v1.10 Rerun checks for auxiliary files (HO)
 (/usr/local/texlive/2023/texmf-dist/tex/generic/uniquecounter/uniquecounter.sty
Package: uniquecounter 2019/12/15 v1.4 Provide unlimited unique counter (HO)
)
Package uniquecounter Info: New unique counter `rerunfilecheck' on input line 285.
)
\Hy@SectionHShift=\skip50
) (/usr/local/texlive/2023/texmf-dist/tex/latex/xcolor/xcolor.sty
Package: xcolor 2022/06/12 v2.14 LaTeX color extensions (UK)
 (/usr/local/texlive/2023/texmf-dist/tex/latex/graphics-cfg/color.cfg
File: color.cfg 2016/01/02 v1.6 sample color configuration
)
Package xcolor Info: Driver file: pdftex.def on input line 227.
 (/usr/local/texlive/2023/texmf-dist/tex/latex/graphics/mathcolor.ltx)
Package xcolor Info: Model `cmy' substituted by `cmy0' on input line 1353.
Package xcolor Info: Model `hsb' substituted by `rgb' on input line 1357.
Package xcolor Info: Model `RGB' extended on input line 1369.
Package xcolor Info: Model `HTML' substituted by `rgb' on input line 1371.
Package xcolor Info: Model `Hsb' substituted by `hsb' on input line 1372.
Package xcolor Info: Model `tHsb' substituted by `hsb' on input line 1373.
Package xcolor Info: Model `HSB' substituted by `hsb' on input line 1374.
Package xcolor Info: Model `Gray' substituted by `gray' on input line 1375.
Package xcolor Info: Model `wave' substituted by `hsb' on input line 1376.
) (/usr/local/texlive/2023/texmf-dist/tex/latex/natbib/natbib.sty
Package: natbib 2010/09/13 8.31b (PWD, AO)
\bibhang=\skip51
\bibsep=\skip52
LaTeX Info: Redefining \cite on input line 694.
\c@NAT@ctr=\count271
) (/usr/local/texlive/2023/texmf-dist/tex/latex/l3backend/l3backend-pdftex.def
File: l3backend-pdftex.def 2023-01-16 L3 backend support: PDF output (pdfTeX)
\l__color_backend_stack_int=\count272
\l__pdf_internal_box=\box53
) (./WritingGuidelines.aux)
\openout1 = `WritingGuidelines.aux'.

LaTeX Font Info:    Checking defaults for OML/cmm/m/it on input line 20.
LaTeX Font Info:    ... okay on input line 20.
LaTeX Font Info:    Checking defaults for OMS/cmsy/m/n on input line 20.
LaTeX Font Info:    ... okay on input line 20.
LaTeX Font Info:    Checking defaults for OT1/cmr/m/n on input line 20.
LaTeX Font Info:    ... okay on input line 20.
LaTeX Font Info:    Checking defaults for T1/cmr/m/n on input line 20.
LaTeX Font Info:    ... okay on input line 20.
LaTeX Font Info:    Checking defaults for TS1/cmr/m/n on input line 20.
LaTeX Font Info:    ... okay on input line 20.
LaTeX Font Info:    Checking defaults for OMX/cmex/m/n on input line 20.
LaTeX Font Info:    ... okay on input line 20.
LaTeX Font Info:    Checking defaults for U/cmr/m/n on input line 20.
LaTeX Font Info:    ... okay on input line 20.
LaTeX Font Info:    Checking defaults for PD1/pdf/m/n on input line 20.
LaTeX Font Info:    ... okay on input line 20.
LaTeX Font Info:    Checking defaults for PU/pdf/m/n on input line 20.
LaTeX Font Info:    ... okay on input line 20.
 (/usr/local/texlive/2023/texmf-dist/tex/context/base/mkii/supp-pdf.mkii
[Loading MPS to PDF converter (version 2006.09.02).]
\scratchcounter=\count273
\scratchdimen=\dimen147
\scratchbox=\box54
\nofMPsegments=\count274
\nofMParguments=\count275
\everyMPshowfont=\toks19
\MPscratchCnt=\count276
\MPscratchDim=\dimen148
\MPnumerator=\count277
\makeMPintoPDFobject=\count278
\everyMPtoPDFconversion=\toks20
) (/usr/local/texlive/2023/texmf-dist/tex/latex/epstopdf-pkg/epstopdf-base.sty
Package: epstopdf-base 2020-01-24 v2.11 Base part for package epstopdf
Package epstopdf-base Info: Redefining graphics rule for `.eps' on input line 485.
 (/usr/local/texlive/2023/texmf-dist/tex/latex/latexconfig/epstopdf-sys.cfg
File: epstopdf-sys.cfg 2010/07/13 v1.3 Configuration of (r)epstopdf for TeX Live
))
Package hyperref Info: Link coloring OFF on input line 20.
 (./WritingGuidelines.out) (./WritingGuidelines.out)
\@outlinefile=\write3
\openout3 = `WritingGuidelines.out'.

LaTeX Font Info:    External font `cmex10' loaded for size
(Font)              <14.4> on input line 29.
LaTeX Font Info:    External font `cmex10' loaded for size
(Font)              <7> on input line 29.
LaTeX Font Info:    External font `cmex10' loaded for size
(Font)              <12> on input line 44.
LaTeX Font Info:    External font `cmex10' loaded for size
(Font)              <8> on input line 44.
LaTeX Font Info:    External font `cmex10' loaded for size
(Font)              <6> on input line 44.

Underfull \hbox (badness 1895) in paragraph at lines 67--71
[]\OT1/cmr/m/n/12 3[]) ac-cu-rately gives the an-gle over time
 []

[1{/usr/local/texlive/2023/texmf-var/fonts/map/pdftex/updmap/pdftex.map}


]
<images/setup.png, id=56, 341.275pt x 470.75874pt>
File: images/setup.png Graphic file (type png)
<use images/setup.png>
Package pdftex.def Info: images/setup.png  used on input line 115.
(pdftex.def)             Requested size: 187.89912pt x 259.19107pt.

Underfull \vbox (badness 10000) has occurred while \output is active []


Underfull \hbox (badness 2469) in paragraph at lines 162--163
[]\OT1/cmr/m/n/12 All Q Fac-tor Mea-sure-ments were taken
 []

[2 <./images/setup.png>]
<images/Effect of Initial Angle on Period.png, id=64, 722.7pt x 650.43pt>
File: images/Effect of Initial Angle on Period.png Graphic file (type png)
<use images/Effect of Initial Angle on Period.png>
Package pdftex.def Info: images/Effect of Initial Angle on Period.png  used on input line 184.
(pdftex.def)             Requested size: 234.87749pt x 211.38724pt.

Overfull \hbox (5.0pt too wide) in paragraph at lines 184--195
 [][] 
 []

<images/Angle Over Time.png, id=68, 722.7pt x 650.43pt>
File: images/Angle Over Time.png Graphic file (type png)
<use images/Angle Over Time.png>
Package pdftex.def Info: images/Angle Over Time.png  used on input line 222.
(pdftex.def)             Requested size: 234.87749pt x 211.38724pt.

Overfull \hbox (5.0pt too wide) in paragraph at lines 222--232
 [][] 
 []


LaTeX Warning: `!h' float specifier changed to `!ht'.


Underfull \hbox (badness 2707) in paragraph at lines 240--242
[]\OT1/cmr/m/n/12 From the fit-ted pa-ram-e-ters, Q can be
 []


Underfull \hbox (badness 5316) in paragraph at lines 240--242
\OT1/cmr/m/n/12 cal-cu-lated us-ing Equa-tion []4[]. $\OML/cmm/m/it/12 Q \OT1/cmr/m/n/12 =
 []

[3 <./images/Effect of Initial Angle on Period.png>]
<images/Effect of Length on Period.png, id=81, 722.7pt x 650.43pt>
File: images/Effect of Length on Period.png Graphic file (type png)
<use images/Effect of Length on Period.png>
Package pdftex.def Info: images/Effect of Length on Period.png  used on input line 255.
(pdftex.def)             Requested size: 234.87749pt x 211.38724pt.

Overfull \hbox (5.0pt too wide) in paragraph at lines 255--261
 [][] 
 []


LaTeX Warning: `!h' float specifier changed to `!ht'.

<images/Log-Log Plot: Effect of Length on Period.png, id=84, 722.7pt x 650.43pt>
File: images/Log-Log Plot: Effect of Length on Period.png Graphic file (type png)
<use images/Log-Log Plot: Effect of Length on Period.png>
Package pdftex.def Info: images/Log-Log Plot: Effect of Length on Period.png  used on input line 267.
(pdftex.def)             Requested size: 234.87749pt x 211.38724pt.

Overfull \hbox (5.0pt too wide) in paragraph at lines 267--272
 [][] 
 []


LaTeX Warning: `!h' float specifier changed to `!ht'.


Underfull \hbox (badness 1147) in paragraph at lines 276--281
\OT1/cmr/m/n/12 their un-cer-tain-ties with low resid-u-als ($\OML/cmm/m/it/12 <
 []


Underfull \vbox (badness 2837) has occurred while \output is active []

 [4 <./images/Angle Over Time.png> <./images/Effect of Length on Period.png> <./images/Log-Log Plot: Effect of Length on Period.png>]
<images/Effect of Length on Q Factor.png, id=99, 722.7pt x 650.43pt>
File: images/Effect of Length on Q Factor.png Graphic file (type png)
<use images/Effect of Length on Q Factor.png>
Package pdftex.def Info: images/Effect of Length on Q Factor.png  used on input line 295.
(pdftex.def)             Requested size: 234.87749pt x 211.38724pt.

Overfull \hbox (5.0pt too wide) in paragraph at lines 295--301
 [][] 
 []


Underfull \hbox (badness 3657) in paragraph at lines 301--301
\OT1/cmr/m/n/12 Length are plot-ted and fit-ted us-ing a
 []


Underfull \hbox (badness 3128) in paragraph at lines 335--336
[][]\OT1/cmr/m/n/12 The pe-riod un-cer-tainty is $\OMS/cmsy/m/n/12 ^^F\OT1/cmr/m/n/12 1\OML/cmm/m/it/12 frame$ \OT1/cmr/m/n/12 or
 []

[5 <./images/Effect of Length on Q Factor.png>]
Underfull \hbox (badness 1320) in paragraph at lines 380--381
\OT1/cmr/m/n/12 is greater than the pre-ci-sion un-cer-tainty
 []


Underfull \vbox (badness 10000) has occurred while \output is active []


Underfull \hbox (badness 2894) in paragraph at lines 419--423
[]\OT1/cmr/m/n/12 [2] Wil-son, B. (2023). PHY180 Pen-
 []


Underfull \hbox (badness 10000) in paragraph at lines 419--423
\OT1/cmr/m/n/12 du-lum Project Guide-lines. []$\OT1/cmtt/m/n/12 https :
 []


Underfull \hbox (badness 10000) in paragraph at lines 419--423
\OT1/cmtt/m/n/12 / / q . utoronto . ca / courses / 324650 / files /
 []

[6]
<images/Angle Over Time Zoomed In.png, id=122, 722.7pt x 650.43pt>
File: images/Angle Over Time Zoomed In.png Graphic file (type png)
<use images/Angle Over Time Zoomed In.png>
Package pdftex.def Info: images/Angle Over Time Zoomed In.png  used on input line 426.
(pdftex.def)             Requested size: 234.87749pt x 211.38724pt.

Overfull \hbox (5.0pt too wide) in paragraph at lines 426--429
 [][] 
 []

<images/Number of Half Oscillations Effect on Amplitude.png, id=123, 722.7pt x 650.43pt>
File: images/Number of Half Oscillations Effect on Amplitude.png Graphic file (type png)
<use images/Number of Half Oscillations Effect on Amplitude.png>
Package pdftex.def Info: images/Number of Half Oscillations Effect on Amplitude.png  used on input line 435.
(pdftex.def)             Requested size: 234.87749pt x 211.38724pt.

Overfull \hbox (5.0pt too wide) in paragraph at lines 435--440
 [][] 
 []

[7

 <./images/Angle Over Time Zoomed In.png> <./images/Number of Half Oscillations Effect on Amplitude.png>] (./WritingGuidelines.aux)
Package rerunfilecheck Info: File `WritingGuidelines.out' has not changed.
(rerunfilecheck)             Checksum: E8DBDE3746283D46F495BFACD2FA32E7;1005.
 ) 
Here is how much of TeX's memory you used:
 9101 strings out of 476025
 144021 string characters out of 5790017
 1866388 words of memory out of 5000000
 29423 multiletter control sequences out of 15000+600000
 517624 words of font info for 50 fonts, out of 8000000 for 9000
 1141 hyphenation exceptions out of 8191
 75i,8n,76p,633b,432s stack positions out of 10000i,1000n,20000p,200000b,200000s
</usr/local/texlive/2023/texmf-dist/fonts/type1/public/amsfonts/cm/cmbx12.pfb></usr/local/texlive/2023/texmf-dist/fonts/type1/public/amsfonts/cm/cmex10.pfb></usr/local/texlive/2023/texmf-dist/fonts/type1/public/amsfonts/cm/cmmi12.pfb></usr/local/texlive/2023/texmf-dist/fonts/type1/public/amsfonts/cm/cmmi6.pfb></usr/local/texlive/2023/texmf-dist/fonts/type1/public/amsfonts/cm/cmmi8.pfb></usr/local/texlive/2023/texmf-dist/fonts/type1/public/amsfonts/cm/cmr12.pfb></usr/local/texlive/2023/texmf-dist/fonts/type1/public/amsfonts/cm/cmr6.pfb></usr/local/texlive/2023/texmf-dist/fonts/type1/public/amsfonts/cm/cmr8.pfb></usr/local/texlive/2023/texmf-dist/fonts/type1/public/amsfonts/cm/cmsy10.pfb></usr/local/texlive/2023/texmf-dist/fonts/type1/public/amsfonts/cm/cmsy6.pfb></usr/local/texlive/2023/texmf-dist/fonts/type1/public/amsfonts/cm/cmsy8.pfb></usr/local/texlive/2023/texmf-dist/fonts/type1/public/amsfonts/cm/cmtt12.pfb>
Output written on WritingGuidelines.pdf (7 pages, 1873048 bytes).
PDF statistics:
 196 PDF objects out of 1000 (max. 8388607)
 142 compressed objects within 2 object streams
 34 named destinations out of 1000 (max. 500000)
 105 words of extra memory for PDF output out of 10000 (max. 10000000)

